2019-11-16 10:24:12 INFO initial Log
2019-11-16 10:24:15 INFO SYSTEM - NO USER: Cashdesk Version: 5.43.0
2019-11-16 10:24:23 INFO SYSTEM - NO USER: Preventing RFID reads for: wait for target handler registration
2019-11-16 10:24:23 INFO SYSTEM - NO USER: Stop preventing RFID reads for: wait for target handler registration
2019-11-16 10:24:26 INFO SYSTEM - NO USER: initialize default receipt
2019-11-16 10:24:26 INFO SYSTEM - NO USER - -1.-1(): create new receipt
2019-11-16 13:47:07 INFO SYSTEM - NO USER: LoginPanel: Pressed button for cashier: Cakir, Meltem
2019-11-16 13:47:08 INFO SYSTEM - NO USER: LoginPanel: User inputted correct PIN.
2019-11-16 13:47:08 INFO Cakir, Meltem: Logged in
2019-11-16 13:47:08 INFO Cakir, Meltem: initialize default receipt
2019-11-16 13:47:09 INFO Cakir, Meltem - -1.-1(): create new receipt
2019-11-16 13:47:10 INFO Cakir, Meltem: Show open keys dialog.
2019-11-16 13:47:15 INFO Cakir, Meltem - 16.1(AABB): Open receipt.
2019-11-16 13:47:19 INFO Cakir, Meltem - 16.1(AABB): Button payment on BookingPanel pressed.
2019-11-16 13:47:19 INFO Cakir, Meltem - 16.1(AABB): Opened payment panel.
2019-11-16 13:47:24 INFO Cakir, Meltem - 16.1(AABB): Set announced tip to [220]
2019-11-16 13:47:26 INFO Cakir, Meltem: Button-Icon CARD pressed
2019-11-16 13:47:27 INFO Cakir, Meltem - 16.1(AABB): book card: to pay: [63] tip: [2,2]
2019-11-16 13:47:27 INFO Cakir, Meltem - 16.1(AABB): Added guest amount: [1].
2019-11-16 13:47:28 INFO Cakir, Meltem - 16.1(AABB): Button Payment on PaymentPanel pressed.
2019-11-16 13:47:30 INFO Cakir, Meltem - 16.1(AABB): Added guest amount: [2].
2019-11-16 13:47:30 INFO Cakir, Meltem - 16.1(AABB): book receipt [10-2220] as [BOOKING]
2019-11-16 13:47:30 INFO Cakir, Meltem - 16.1(AABB):   - [1][Augustiner Hell 0,5l]([article-1124])
2019-11-16 13:47:30 INFO Cakir, Meltem - 16.1(AABB):   - [1][Kalbsschnitzel Mahl]([article-259])
2019-11-16 13:47:30 INFO Cakir, Meltem - 16.1(AABB):   - [1][Heißes Gemüse Beiwerk]([article-240])
2019-11-16 13:47:30 INFO Cakir, Meltem - 16.1(AABB):   - [1][Bergkäseschnitzel Mahl]([article-1237])
2019-11-16 13:47:30 INFO Cakir, Meltem - 16.1(AABB):   - [1][Pommes Frites]([article-232])
2019-11-16 13:47:30 INFO Cakir, Meltem - 16.1(AABB):   - [1][Kräuterdip]([article-1140])
2019-11-16 13:47:30 INFO Cakir, Meltem - 16.1(AABB):   - [1][Augustiner Hell 0,25l]([article-1094])
2019-11-16 13:47:30 INFO Cakir, Meltem - 16.1(AABB):   - [1][Haussoße Heimwerk]([article-221])
2019-11-16 13:47:30 INFO Cakir, Meltem - 16.1(AABB):   - [1][Natur Kalbsschnitzel Snack]([article-245])
2019-11-16 13:47:30 INFO Cakir, Meltem - 16.1(AABB):   - [1][Bratkartoffeln]([article-433])
2019-11-16 13:47:30 INFO Cakir, Meltem - 16.1(AABB):   - [1][Haussoße Heimwerk]([article-221])
2019-11-16 13:47:30 INFO Cakir, Meltem - 16.1(AABB):   - [1][Stiftsquelle Still 0,25l]([article-1288])
2019-11-16 13:47:30 INFO Cakir, Meltem - 16.1(AABB): finish receipt
2019-11-16 13:47:32 INFO Cakir, Meltem - 16.1(AABB): print bon of [10-2220]
2019-11-16 13:47:36 INFO Cakir, Meltem - 16.1(AABB): finalize receipt
2019-11-16 13:47:36 INFO Cakir, Meltem: initialize default receipt
2019-11-16 13:47:36 INFO Cakir, Meltem - -1.-1(): create new receipt
2019-11-16 13:47:37 INFO Cakir, Meltem: Logged out.
2019-11-16 13:47:37 INFO SYSTEM - NO USER: Logged out.
2019-11-16 14:15:31 INFO SYSTEM - NO USER: LoginPanel: Pressed button for cashier: Cakir, Meltem
2019-11-16 14:15:33 INFO SYSTEM - NO USER: LoginPanel: User inputted correct PIN.
2019-11-16 14:15:33 INFO Cakir, Meltem: Logged in
2019-11-16 14:15:33 INFO Cakir, Meltem: initialize default receipt
2019-11-16 14:15:33 INFO Cakir, Meltem - -1.-1(): create new receipt
2019-11-16 14:15:34 INFO Cakir, Meltem: Show open keys dialog.
2019-11-16 14:15:37 INFO Cakir, Meltem - 9.1(AABK): Open receipt.
2019-11-16 14:15:38 INFO Cakir, Meltem - 9.1(AABK): Button payment on BookingPanel pressed.
2019-11-16 14:15:38 INFO Cakir, Meltem - 9.1(AABK): Opened payment panel.
2019-11-16 14:15:39 INFO Cakir, Meltem - 9.1(AABK): Printed interim bill.
2019-11-16 14:15:41 INFO Cakir, Meltem - 9.1(AABK): Leave PaymentPanel to BookingPanel.
2019-11-16 14:15:42 INFO Cakir, Meltem: Show open keys dialog.
2019-11-16 14:15:42 INFO Cakir, Meltem: initialize default receipt
2019-11-16 14:15:42 INFO Cakir, Meltem - -1.-1(): create new receipt
2019-11-16 14:15:43 INFO Cakir, Meltem: Logged out.
2019-11-16 14:15:43 INFO SYSTEM - NO USER: Logged out.
2019-11-16 14:17:05 INFO SYSTEM - NO USER: LoginPanel: Pressed button for cashier: Cakir, Meltem
2019-11-16 14:17:06 INFO SYSTEM - NO USER: LoginPanel: User inputted correct PIN.
2019-11-16 14:17:06 INFO Cakir, Meltem: Logged in
2019-11-16 14:17:06 INFO Cakir, Meltem: initialize default receipt
2019-11-16 14:17:06 INFO Cakir, Meltem - -1.-1(): create new receipt
2019-11-16 14:17:18 INFO Cakir, Meltem: Show open keys dialog.
2019-11-16 14:17:21 INFO Cakir, Meltem - 9.1(AABK): Open receipt.
2019-11-16 14:17:23 INFO Cakir, Meltem - 9.1(AABK): Button instantCard on BookingPanel pressed.
2019-11-16 14:17:23 INFO Cakir, Meltem - 9.1(AABK): Started instant card payment.
2019-11-16 14:17:24 INFO Cakir, Meltem - 9.1(AABK): book card: to pay: [69] tip: [0]
2019-11-16 14:17:26 INFO Cakir, Meltem - 9.1(AABK): Added guest amount: [3].
2019-11-16 14:17:26 INFO Cakir, Meltem - 9.1(AABK): book receipt [10-2221] as [BOOKING]
2019-11-16 14:17:26 INFO Cakir, Meltem - 9.1(AABK):   - [1][Pommes Frites]([article-232])
2019-11-16 14:17:26 INFO Cakir, Meltem - 9.1(AABK):   - [1][Ketchup]([article-226])
2019-11-16 14:17:26 INFO Cakir, Meltem - 9.1(AABK):   - [1][Kalbsschnitzel Mahl]([article-259])
2019-11-16 14:17:26 INFO Cakir, Meltem - 9.1(AABK):   - [1][Beilagensalat]([article-237])
2019-11-16 14:17:26 INFO Cakir, Meltem - 9.1(AABK):   - [1][Dressing Balsamico]([article-367])
2019-11-16 14:17:26 INFO Cakir, Meltem - 9.1(AABK):   - [1][Stiftsquelle Prickelnd 0,75l]([article-1287])
2019-11-16 14:17:26 INFO Cakir, Meltem - 9.1(AABK):   - [1][Löss Weißburgunder 0,2l]([article-129])
2019-11-16 14:17:26 INFO Cakir, Meltem - 9.1(AABK):   - [1][Fritz Limo Zitrone]([article-1292])
2019-11-16 14:17:26 INFO Cakir, Meltem - 9.1(AABK):   - [1][Stiftsquelle Prickelnd 0,75l]([article-1287])
2019-11-16 14:17:26 INFO Cakir, Meltem - 9.1(AABK):   - [1][Schnitzel-Burger Kalb]([article-1244])
2019-11-16 14:17:26 INFO Cakir, Meltem - 9.1(AABK):   - [1][Salatmahlzeit mit Backhendl]([article-965])
2019-11-16 14:17:26 INFO Cakir, Meltem - 9.1(AABK):   - [1][Dressing Balsamico]([article-367])
2019-11-16 14:17:26 INFO Cakir, Meltem - 9.1(AABK): finish receipt
2019-11-16 14:17:28 INFO Cakir, Meltem - 9.1(AABK): print bon of [10-2221]
2019-11-16 14:17:34 INFO Cakir, Meltem - 9.1(AABK): Exited instant payment to FinalizePanel
2019-11-16 14:17:35 INFO Cakir, Meltem - 9.1(AABK): finalize receipt
2019-11-16 14:17:35 INFO Cakir, Meltem: initialize default receipt
2019-11-16 14:17:36 INFO Cakir, Meltem - -1.-1(): create new receipt
2019-11-16 14:17:37 INFO Cakir, Meltem: Logged out.
2019-11-16 14:17:37 INFO SYSTEM - NO USER: Logged out.
2019-11-16 14:42:02 INFO SYSTEM - NO USER: LoginPanel: Pressed button for cashier: Cakir, Meltem
2019-11-16 14:42:03 INFO SYSTEM - NO USER: LoginPanel: User inputted correct PIN.
2019-11-16 14:42:03 INFO Cakir, Meltem: Logged in
2019-11-16 14:42:03 INFO Cakir, Meltem: initialize default receipt
2019-11-16 14:42:04 INFO Cakir, Meltem - -1.-1(): create new receipt
2019-11-16 14:42:05 INFO Cakir, Meltem: Show open keys dialog.
2019-11-16 14:42:09 INFO Cakir, Meltem - 10.2(AABY): Open receipt.
2019-11-16 14:42:11 INFO Cakir, Meltem - 10.2(AABY): Button instantCard on BookingPanel pressed.
2019-11-16 14:42:11 INFO Cakir, Meltem - 10.2(AABY): Started instant card payment.
2019-11-16 14:42:19 INFO Cakir, Meltem - 10.2(AABY): book card: to pay: [39] tip: [0]
2019-11-16 14:42:21 INFO Cakir, Meltem - 10.2(AABY): Added guest amount: [2].
2019-11-16 14:42:21 INFO Cakir, Meltem - 10.2(AABY): book receipt [10-2222] as [BOOKING]
2019-11-16 14:42:21 INFO Cakir, Meltem - 10.2(AABY):   - [1][Bergkäseschnitzel Snack]([article-1238])
2019-11-16 14:42:21 INFO Cakir, Meltem - 10.2(AABY):   - [1][Kartoffelsalat]([article-234])
2019-11-16 14:42:21 INFO Cakir, Meltem - 10.2(AABY):   - [1][Stiftsquelle Prickelnd 0,25l]([article-1286])
2019-11-16 14:42:21 INFO Cakir, Meltem - 10.2(AABY):   - [1][Augustiner Hell 0,25l]([article-1094])
2019-11-16 14:42:21 INFO Cakir, Meltem - 10.2(AABY):   - [1][Augustiner Hell 0,25l]([article-1094])
2019-11-16 14:42:21 INFO Cakir, Meltem - 10.2(AABY):   - [1][Heißes Gemüse Beiwerk]([article-240])
2019-11-16 14:42:21 INFO Cakir, Meltem - 10.2(AABY):   - [1][Triebaumer Trie Rot 0,1l]([article-1084])
2019-11-16 14:42:21 INFO Cakir, Meltem - 10.2(AABY):   - [1][Eintopf Snack]([article-1112])
2019-11-16 14:42:21 INFO Cakir, Meltem - 10.2(AABY):   - [1][Fleischpflanzerl Snack]([article-229])
2019-11-16 14:42:21 INFO Cakir, Meltem - 10.2(AABY): finish receipt
2019-11-16 14:42:22 INFO Cakir, Meltem - 10.2(AABY): print bon of [10-2222]
2019-11-16 14:42:26 INFO Cakir, Meltem: Logged out.
2019-11-16 14:42:28 INFO Cakir, Meltem - 10.2(AABY): Exited instant payment to FinalizePanel
